<?xml version="1.0" encoding="UTF-8"?>
<testsuite name="br.ce.wcaquino.servicos.CalculoValorLocacaoTest" time="0.574" tests="4" errors="0" skipped="0" failures="0">
  <properties>
[...]
</properties>
  <testcase name="deveCalcularValorLocacaoConsiderandoDescontos[3 Filmes: 25%]" classname="br.ce.wcaquino.servicos.CalculoValorLocacaoTest" time="0.26"/>
  <testcase name="deveCalcularValorLocacaoConsiderandoDescontos[4 Filmes: 50%]" classname="br.ce.wcaquino.servicos.CalculoValorLocacaoTest" time="0.251"/>
  <testcase name="deveCalcularValorLocacaoConsiderandoDescontos[5 Filmes: 75%]" classname="br.ce.wcaquino.servicos.CalculoValorLocacaoTest" time="0.04"/>
  <testcase name="deveCalcularValorLocacaoConsiderandoDescontos[6 Filmes: 100%]" classname="br.ce.wcaquino.servicos.CalculoValorLocacaoTest" time="0.023"/>
</testsuite>